mode: set
github.com/RAZ-os/wallet/pkg/wallet/service.go:29.78,30.37 1 1
github.com/RAZ-os/wallet/pkg/wallet/service.go:36.2,44.21 4 1
github.com/RAZ-os/wallet/pkg/wallet/service.go:30.37,31.29 1 0
github.com/RAZ-os/wallet/pkg/wallet/service.go:31.29,33.4 1 0
github.com/RAZ-os/wallet/pkg/wallet/service.go:47.70,48.17 1 1
github.com/RAZ-os/wallet/pkg/wallet/service.go:52.2,54.33 2 1
github.com/RAZ-os/wallet/pkg/wallet/service.go:61.2,61.20 1 1
github.com/RAZ-os/wallet/pkg/wallet/service.go:65.2,66.12 2 1
github.com/RAZ-os/wallet/pkg/wallet/service.go:48.17,50.3 1 0
github.com/RAZ-os/wallet/pkg/wallet/service.go:54.33,55.26 1 1
github.com/RAZ-os/wallet/pkg/wallet/service.go:55.26,57.9 2 1
github.com/RAZ-os/wallet/pkg/wallet/service.go:61.20,63.3 1 0
github.com/RAZ-os/wallet/pkg/wallet/service.go:69.116,70.17 1 1
github.com/RAZ-os/wallet/pkg/wallet/service.go:74.2,76.20 2 1
github.com/RAZ-os/wallet/pkg/wallet/service.go:80.2,91.21 5 1
github.com/RAZ-os/wallet/pkg/wallet/service.go:70.17,72.3 1 0
github.com/RAZ-os/wallet/pkg/wallet/service.go:76.20,78.3 1 0
github.com/RAZ-os/wallet/pkg/wallet/service.go:94.76,97.33 2 1
github.com/RAZ-os/wallet/pkg/wallet/service.go:104.2,104.20 1 1
github.com/RAZ-os/wallet/pkg/wallet/service.go:108.2,108.21 1 1
github.com/RAZ-os/wallet/pkg/wallet/service.go:97.33,98.26 1 1
github.com/RAZ-os/wallet/pkg/wallet/service.go:98.26,100.9 2 1
github.com/RAZ-os/wallet/pkg/wallet/service.go:104.20,106.3 1 1
github.com/RAZ-os/wallet/pkg/wallet/service.go:111.77,112.37 1 1
github.com/RAZ-os/wallet/pkg/wallet/service.go:119.2,119.32 1 1
github.com/RAZ-os/wallet/pkg/wallet/service.go:112.37,113.30 1 1
github.com/RAZ-os/wallet/pkg/wallet/service.go:113.30,116.4 1 1
github.com/RAZ-os/wallet/pkg/wallet/service.go:122.50,126.16 2 1
github.com/RAZ-os/wallet/pkg/wallet/service.go:130.2,132.16 2 1
github.com/RAZ-os/wallet/pkg/wallet/service.go:136.2,139.12 3 1
github.com/RAZ-os/wallet/pkg/wallet/service.go:126.16,128.3 1 0
github.com/RAZ-os/wallet/pkg/wallet/service.go:132.16,134.3 1 0
github.com/RAZ-os/wallet/pkg/wallet/service.go:142.68,144.16 2 1
github.com/RAZ-os/wallet/pkg/wallet/service.go:148.2,149.16 2 1
github.com/RAZ-os/wallet/pkg/wallet/service.go:153.2,154.16 2 1
github.com/RAZ-os/wallet/pkg/wallet/service.go:158.2,158.24 1 1
github.com/RAZ-os/wallet/pkg/wallet/service.go:144.16,146.3 1 0
github.com/RAZ-os/wallet/pkg/wallet/service.go:149.16,151.3 1 0
github.com/RAZ-os/wallet/pkg/wallet/service.go:154.16,156.3 1 0
github.com/RAZ-os/wallet/pkg/wallet/service.go:161.91,163.16 2 1
github.com/RAZ-os/wallet/pkg/wallet/service.go:167.2,168.16 2 1
github.com/RAZ-os/wallet/pkg/wallet/service.go:172.2,182.22 4 1
github.com/RAZ-os/wallet/pkg/wallet/service.go:163.16,165.3 1 0
github.com/RAZ-os/wallet/pkg/wallet/service.go:168.16,170.3 1 0
github.com/RAZ-os/wallet/pkg/wallet/service.go:185.87,186.39 1 1
github.com/RAZ-os/wallet/pkg/wallet/service.go:193.2,193.33 1 1
github.com/RAZ-os/wallet/pkg/wallet/service.go:186.39,187.32 1 1
github.com/RAZ-os/wallet/pkg/wallet/service.go:187.32,190.4 1 1
github.com/RAZ-os/wallet/pkg/wallet/service.go:196.78,198.16 2 1
github.com/RAZ-os/wallet/pkg/wallet/service.go:202.2,203.16 2 1
github.com/RAZ-os/wallet/pkg/wallet/service.go:207.2,208.16 2 1
github.com/RAZ-os/wallet/pkg/wallet/service.go:212.2,212.21 1 1
github.com/RAZ-os/wallet/pkg/wallet/service.go:198.16,200.3 1 0
github.com/RAZ-os/wallet/pkg/wallet/service.go:203.16,205.3 1 0
github.com/RAZ-os/wallet/pkg/wallet/service.go:208.16,210.3 1 0
github.com/RAZ-os/wallet/pkg/wallet/service.go:216.51,219.16 2 0
github.com/RAZ-os/wallet/pkg/wallet/service.go:223.2,225.41 2 0
github.com/RAZ-os/wallet/pkg/wallet/service.go:232.2,233.16 2 0
github.com/RAZ-os/wallet/pkg/wallet/service.go:238.2,239.16 2 0
github.com/RAZ-os/wallet/pkg/wallet/service.go:244.2,244.12 1 0
github.com/RAZ-os/wallet/pkg/wallet/service.go:219.16,221.3 1 0
github.com/RAZ-os/wallet/pkg/wallet/service.go:225.41,227.33 2 0
github.com/RAZ-os/wallet/pkg/wallet/service.go:227.33,229.4 1 0
github.com/RAZ-os/wallet/pkg/wallet/service.go:233.16,235.3 1 0
github.com/RAZ-os/wallet/pkg/wallet/service.go:239.16,241.3 1 0
github.com/RAZ-os/wallet/pkg/wallet/service.go:248.53,250.16 2 0
github.com/RAZ-os/wallet/pkg/wallet/service.go:254.2,256.16 3 0
github.com/RAZ-os/wallet/pkg/wallet/service.go:260.2,264.35 3 0
github.com/RAZ-os/wallet/pkg/wallet/service.go:285.2,286.16 2 0
github.com/RAZ-os/wallet/pkg/wallet/service.go:290.2,290.12 1 0
github.com/RAZ-os/wallet/pkg/wallet/service.go:250.16,252.3 1 0
github.com/RAZ-os/wallet/pkg/wallet/service.go:256.16,258.3 1 0
github.com/RAZ-os/wallet/pkg/wallet/service.go:264.35,268.17 3 0
github.com/RAZ-os/wallet/pkg/wallet/service.go:272.3,273.17 2 0
github.com/RAZ-os/wallet/pkg/wallet/service.go:277.3,277.18 1 0
github.com/RAZ-os/wallet/pkg/wallet/service.go:268.17,270.4 1 0
github.com/RAZ-os/wallet/pkg/wallet/service.go:273.17,275.4 1 0
github.com/RAZ-os/wallet/pkg/wallet/service.go:277.18,279.18 2 0
github.com/RAZ-os/wallet/pkg/wallet/service.go:279.18,281.5 1 0
github.com/RAZ-os/wallet/pkg/wallet/service.go:286.16,288.3 1 0
github.com/RAZ-os/wallet/pkg/wallet/service.go:294.44,299.16 4 0
github.com/RAZ-os/wallet/pkg/wallet/service.go:322.2,322.16 1 0
github.com/RAZ-os/wallet/pkg/wallet/service.go:346.5,346.19 1 0
github.com/RAZ-os/wallet/pkg/wallet/service.go:369.4,369.14 1 0
github.com/RAZ-os/wallet/pkg/wallet/service.go:299.16,304.19 3 0
github.com/RAZ-os/wallet/pkg/wallet/service.go:307.5,307.18 1 0
github.com/RAZ-os/wallet/pkg/wallet/service.go:313.2,313.37 1 0
github.com/RAZ-os/wallet/pkg/wallet/service.go:304.19,306.6 1 0
github.com/RAZ-os/wallet/pkg/wallet/service.go:307.18,308.40 1 0
github.com/RAZ-os/wallet/pkg/wallet/service.go:308.40,310.5 1 0
github.com/RAZ-os/wallet/pkg/wallet/service.go:313.37,316.17 3 0
github.com/RAZ-os/wallet/pkg/wallet/service.go:316.17,318.4 1 0
github.com/RAZ-os/wallet/pkg/wallet/service.go:322.16,327.18 3 0
github.com/RAZ-os/wallet/pkg/wallet/service.go:330.4,330.17 1 0
github.com/RAZ-os/wallet/pkg/wallet/service.go:336.4,336.36 1 0
github.com/RAZ-os/wallet/pkg/wallet/service.go:327.18,329.5 1 0
github.com/RAZ-os/wallet/pkg/wallet/service.go:330.17,331.42 1 0
github.com/RAZ-os/wallet/pkg/wallet/service.go:331.42,333.7 1 0
github.com/RAZ-os/wallet/pkg/wallet/service.go:336.36,339.19 3 0
github.com/RAZ-os/wallet/pkg/wallet/service.go:339.19,342.6 2 0
github.com/RAZ-os/wallet/pkg/wallet/service.go:346.19,351.18 3 0
github.com/RAZ-os/wallet/pkg/wallet/service.go:354.4,354.17 1 0
github.com/RAZ-os/wallet/pkg/wallet/service.go:360.4,360.39 1 0
github.com/RAZ-os/wallet/pkg/wallet/service.go:351.18,353.5 1 0
github.com/RAZ-os/wallet/pkg/wallet/service.go:354.17,355.42 1 0
github.com/RAZ-os/wallet/pkg/wallet/service.go:355.42,357.7 1 0
github.com/RAZ-os/wallet/pkg/wallet/service.go:360.39,363.19 3 0
github.com/RAZ-os/wallet/pkg/wallet/service.go:363.19,365.6 1 0
github.com/RAZ-os/wallet/pkg/wallet/service.go:372.44,376.16 3 0
github.com/RAZ-os/wallet/pkg/wallet/service.go:433.2,435.16 3 0
github.com/RAZ-os/wallet/pkg/wallet/service.go:497.2,499.16 3 0
github.com/RAZ-os/wallet/pkg/wallet/service.go:550.2,550.12 1 0
github.com/RAZ-os/wallet/pkg/wallet/service.go:376.16,378.3 1 0
github.com/RAZ-os/wallet/pkg/wallet/service.go:378.8,379.16 1 0
github.com/RAZ-os/wallet/pkg/wallet/service.go:385.3,386.7 2 0
github.com/RAZ-os/wallet/pkg/wallet/service.go:428.3,428.24 1 0
github.com/RAZ-os/wallet/pkg/wallet/service.go:379.16,380.40 1 0
github.com/RAZ-os/wallet/pkg/wallet/service.go:380.40,382.5 1 0
github.com/RAZ-os/wallet/pkg/wallet/service.go:386.7,388.21 2 0
github.com/RAZ-os/wallet/pkg/wallet/service.go:392.4,392.18 1 0
github.com/RAZ-os/wallet/pkg/wallet/service.go:397.4,400.18 3 0
github.com/RAZ-os/wallet/pkg/wallet/service.go:405.4,408.18 3 0
github.com/RAZ-os/wallet/pkg/wallet/service.go:413.4,414.26 2 0
github.com/RAZ-os/wallet/pkg/wallet/service.go:388.21,390.10 2 0
github.com/RAZ-os/wallet/pkg/wallet/service.go:392.18,395.5 2 0
github.com/RAZ-os/wallet/pkg/wallet/service.go:400.18,403.5 2 0
github.com/RAZ-os/wallet/pkg/wallet/service.go:408.18,411.5 2 0
github.com/RAZ-os/wallet/pkg/wallet/service.go:414.26,417.5 2 0
github.com/RAZ-os/wallet/pkg/wallet/service.go:417.10,426.5 3 0
github.com/RAZ-os/wallet/pkg/wallet/service.go:435.16,437.3 1 0
github.com/RAZ-os/wallet/pkg/wallet/service.go:437.8,438.16 1 0
github.com/RAZ-os/wallet/pkg/wallet/service.go:444.3,445.7 2 0
github.com/RAZ-os/wallet/pkg/wallet/service.go:493.3,493.24 1 0
github.com/RAZ-os/wallet/pkg/wallet/service.go:438.16,439.43 1 0
github.com/RAZ-os/wallet/pkg/wallet/service.go:439.43,441.5 1 0
github.com/RAZ-os/wallet/pkg/wallet/service.go:445.7,447.21 2 0
github.com/RAZ-os/wallet/pkg/wallet/service.go:451.4,451.18 1 0
github.com/RAZ-os/wallet/pkg/wallet/service.go:456.4,460.18 4 0
github.com/RAZ-os/wallet/pkg/wallet/service.go:465.4,466.18 2 0
github.com/RAZ-os/wallet/pkg/wallet/service.go:471.4,476.22 4 0
github.com/RAZ-os/wallet/pkg/wallet/service.go:447.21,449.10 2 0
github.com/RAZ-os/wallet/pkg/wallet/service.go:451.18,454.5 2 0
github.com/RAZ-os/wallet/pkg/wallet/service.go:460.18,463.5 2 0
github.com/RAZ-os/wallet/pkg/wallet/service.go:466.18,469.5 2 0
github.com/RAZ-os/wallet/pkg/wallet/service.go:476.22,481.5 4 0
github.com/RAZ-os/wallet/pkg/wallet/service.go:481.10,491.5 2 0
github.com/RAZ-os/wallet/pkg/wallet/service.go:499.16,501.3 1 0
github.com/RAZ-os/wallet/pkg/wallet/service.go:501.8,503.7 2 0
github.com/RAZ-os/wallet/pkg/wallet/service.go:547.3,547.24 1 0
github.com/RAZ-os/wallet/pkg/wallet/service.go:503.7,505.21 2 0
github.com/RAZ-os/wallet/pkg/wallet/service.go:509.4,509.18 1 0
github.com/RAZ-os/wallet/pkg/wallet/service.go:514.4,518.18 4 0
github.com/RAZ-os/wallet/pkg/wallet/service.go:522.4,524.18 3 0
github.com/RAZ-os/wallet/pkg/wallet/service.go:528.4,531.22 3 0
github.com/RAZ-os/wallet/pkg/wallet/service.go:505.21,507.10 2 0
github.com/RAZ-os/wallet/pkg/wallet/service.go:509.18,512.5 2 0
github.com/RAZ-os/wallet/pkg/wallet/service.go:518.18,521.5 2 0
github.com/RAZ-os/wallet/pkg/wallet/service.go:524.18,527.5 2 0
github.com/RAZ-os/wallet/pkg/wallet/service.go:531.22,536.5 4 0
github.com/RAZ-os/wallet/pkg/wallet/service.go:536.10,545.5 2 0
github.com/RAZ-os/wallet/pkg/wallet/service.go:554.58,559.17 3 1
github.com/RAZ-os/wallet/pkg/wallet/service.go:563.2,563.17 1 1
github.com/RAZ-os/wallet/pkg/wallet/service.go:567.2,567.20 1 0
github.com/RAZ-os/wallet/pkg/wallet/service.go:598.2,598.37 1 0
github.com/RAZ-os/wallet/pkg/wallet/service.go:603.2,603.12 1 0
github.com/RAZ-os/wallet/pkg/wallet/service.go:559.17,561.3 1 0
github.com/RAZ-os/wallet/pkg/wallet/service.go:563.17,565.3 1 1
github.com/RAZ-os/wallet/pkg/wallet/service.go:567.20,572.26 3 0
github.com/RAZ-os/wallet/pkg/wallet/service.go:576.3,579.30 3 0
github.com/RAZ-os/wallet/pkg/wallet/service.go:595.3,595.13 1 0
github.com/RAZ-os/wallet/pkg/wallet/service.go:572.26,574.4 1 0
github.com/RAZ-os/wallet/pkg/wallet/service.go:579.30,580.13 1 0
github.com/RAZ-os/wallet/pkg/wallet/service.go:580.13,585.40 3 0
github.com/RAZ-os/wallet/pkg/wallet/service.go:589.5,591.17 3 0
github.com/RAZ-os/wallet/pkg/wallet/service.go:585.40,587.6 1 0
github.com/RAZ-os/wallet/pkg/wallet/service.go:598.37,600.3 1 0
